{"meta": {"format": 3, "version": "7.10.2", "timestamp": "2025-08-05T03:38:02.979226", "branch_coverage": false, "show_contexts": false}, "files": {"src/main.py": {"executed_lines": [], "summary": {"covered_lines": 0, "num_statements": 73, "percent_covered": 0.0, "percent_covered_display": "0", "missing_lines": 73, "excluded_lines": 0}, "missing_lines": [5, 6, 7, 8, 9, 10, 13, 14, 17, 26, 35, 36, 37, 38, 39, 40, 41, 43, 44, 48, 50, 81, 82, 86, 87, 88, 89, 90, 91, 92, 93, 94, 97, 102, 120, 121, 123, 124, 125, 127, 134, 136, 177, 178, 182, 184, 185, 186, 187, 188, 190, 191, 192, 193, 194, 196, 197, 198, 199, 200, 202, 203, 204, 205, 206, 208, 237, 238, 240, 241, 254, 255, 256], "excluded_lines": [], "functions": {"root": {"executed_lines": [], "summary": {"covered_lines": 0, "num_statements": 2, "percent_covered": 0.0, "percent_covered_display": "0", "missing_lines": 2, "excluded_lines": 0}, "missing_lines": [48, 50], "excluded_lines": []}, "health_check": {"executed_lines": [], "summary": {"covered_lines": 0, "num_statements": 11, "percent_covered": 0.0, "percent_covered_display": "0", "missing_lines": 11, "excluded_lines": 0}, "missing_lines": [86, 87, 88, 89, 90, 91, 92, 93, 94, 97, 102], "excluded_lines": []}, "list_templates": {"executed_lines": [], "summary": {"covered_lines": 0, "num_statements": 6, "percent_covered": 0.0, "percent_covered_display": "0", "missing_lines": 6, "excluded_lines": 0}, "missing_lines": [123, 124, 125, 127, 134, 136], "excluded_lines": []}, "debug_info": {"executed_lines": [], "summary": {"covered_lines": 0, "num_statements": 22, "percent_covered": 0.0, "percent_covered_display": "0", "missing_lines": 22, "excluded_lines": 0}, "missing_lines": [182, 184, 185, 186, 187, 188, 190, 191, 192, 193, 194, 196, 197, 198, 199, 200, 202, 203, 204, 205, 206, 208], "excluded_lines": []}, "global_exception_handler": {"executed_lines": [], "summary": {"covered_lines": 0, "num_statements": 2, "percent_covered": 0.0, "percent_covered_display": "0", "missing_lines": 2, "excluded_lines": 0}, "missing_lines": [240, 241], "excluded_lines": []}, "": {"executed_lines": [], "summary": {"covered_lines": 0, "num_statements": 30, "percent_covered": 0.0, "percent_covered_display": "0", "missing_lines": 30, "excluded_lines": 0}, "missing_lines": [5, 6, 7, 8, 9, 10, 13, 14, 17, 26, 35, 36, 37, 38, 39, 40, 41, 43, 44, 81, 82, 120, 121, 177, 178, 237, 238, 254, 255, 256], "excluded_lines": []}}, "classes": {"": {"executed_lines": [], "summary": {"covered_lines": 0, "num_statements": 73, "percent_covered": 0.0, "percent_covered_display": "0", "missing_lines": 73, "excluded_lines": 0}, "missing_lines": [5, 6, 7, 8, 9, 10, 13, 14, 17, 26, 35, 36, 37, 38, 39, 40, 41, 43, 44, 48, 50, 81, 82, 86, 87, 88, 89, 90, 91, 92, 93, 94, 97, 102, 120, 121, 123, 124, 125, 127, 134, 136, 177, 178, 182, 184, 185, 186, 187, 188, 190, 191, 192, 193, 194, 196, 197, 198, 199, 200, 202, 203, 204, 205, 206, 208, 237, 238, 240, 241, 254, 255, 256], "excluded_lines": []}}}, "src/services/enhanced_lookup_service.py": {"executed_lines": [2, 3, 4, 5, 6, 7, 8, 10, 12, 13, 15, 16, 17, 18, 19, 22, 23, 31, 33, 58, 97, 143, 157, 189, 241, 280, 319, 353, 413, 439, 469, 481, 525], "summary": {"covered_lines": 32, "num_statements": 250, "percent_covered": 12.8, "percent_covered_display": "13", "missing_lines": 218, "excluded_lines": 0}, "missing_lines": [24, 25, 26, 27, 28, 29, 38, 39, 40, 53, 54, 55, 56, 60, 61, 63, 66, 70, 72, 73, 74, 75, 77, 78, 80, 86, 93, 94, 95, 99, 100, 101, 103, 104, 105, 106, 110, 113, 114, 117, 127, 128, 129, 130, 131, 139, 140, 141, 146, 154, 155, 159, 160, 163, 170, 171, 172, 173, 174, 175, 176, 177, 178, 179, 180, 183, 184, 185, 187, 194, 196, 197, 198, 199, 201, 203, 205, 206, 216, 217, 218, 219, 222, 227, 231, 232, 235, 237, 238, 239, 246, 247, 249, 251, 252, 254, 255, 258, 267, 268, 269, 274, 275, 276, 278, 287, 289, 291, 292, 293, 296, 298, 300, 301, 302, 305, 306, 307, 308, 309, 310, 311, 312, 315, 316, 317, 322, 323, 326, 327, 348, 349, 351, 360, 361, 362, 365, 383, 384, 385, 387, 388, 389, 391, 393, 398, 401, 402, 404, 405, 407, 409, 410, 411, 419, 420, 421, 427, 430, 431, 432, 434, 435, 437, 447, 448, 454, 455, 456, 457, 459, 460, 464, 466, 467, 471, 472, 474, 475, 476, 477, 479, 488, 490, 493, 494, 496, 504, 505, 506, 507, 508, 510, 516, 517, 518, 519, 520, 522, 523, 527, 528, 530, 534, 536, 537, 538, 539, 542, 546, 547, 550, 551, 553, 574, 586, 587, 588], "excluded_lines": [], "functions": {"EnhancedLookupService.__init__": {"executed_lines": [16, 17, 18, 19, 22, 23, 31], "summary": {"covered_lines": 7, "num_statements": 13, "percent_covered": 53.84615384615385, "percent_covered_display": "54", "missing_lines": 6, "excluded_lines": 0}, "missing_lines": [24, 25, 26, 27, 28, 29], "excluded_lines": []}, "EnhancedLookupService.log_ai_usage": {"executed_lines": [], "summary": {"covered_lines": 0, "num_statements": 7, "percent_covered": 0.0, "percent_covered_display": "0", "missing_lines": 7, "excluded_lines": 0}, "missing_lines": [38, 39, 40, 53, 54, 55, 56], "excluded_lines": []}, "EnhancedLookupService.log_cache_stats": {"executed_lines": [], "summary": {"covered_lines": 0, "num_statements": 16, "percent_covered": 0.0, "percent_covered_display": "0", "missing_lines": 16, "excluded_lines": 0}, "missing_lines": [60, 61, 63, 66, 70, 72, 73, 74, 75, 77, 78, 80, 86, 93, 94, 95], "excluded_lines": []}, "EnhancedLookupService.generate_embedding": {"executed_lines": [], "summary": {"covered_lines": 0, "num_statements": 19, "percent_covered": 0.0, "percent_covered_display": "0", "missing_lines": 19, "excluded_lines": 0}, "missing_lines": [99, 100, 101, 103, 104, 105, 106, 110, 113, 114, 117, 127, 128, 129, 130, 131, 139, 140, 141], "excluded_lines": []}, "EnhancedLookupService.generate_lookup_key": {"executed_lines": [], "summary": {"covered_lines": 0, "num_statements": 3, "percent_covered": 0.0, "percent_covered_display": "0", "missing_lines": 3, "excluded_lines": 0}, "missing_lines": [146, 154, 155], "excluded_lines": []}, "EnhancedLookupService.create_semantic_description": {"executed_lines": [], "summary": {"covered_lines": 0, "num_statements": 18, "percent_covered": 0.0, "percent_covered_display": "0", "missing_lines": 18, "excluded_lines": 0}, "missing_lines": [159, 160, 163, 170, 171, 172, 173, 174, 175, 176, 177, 178, 179, 180, 183, 184, 185, 187], "excluded_lines": []}, "EnhancedLookupService.find_similar_workflows_structural": {"executed_lines": [], "summary": {"covered_lines": 0, "num_statements": 21, "percent_covered": 0.0, "percent_covered_display": "0", "missing_lines": 21, "excluded_lines": 0}, "missing_lines": [194, 196, 197, 198, 199, 201, 203, 205, 206, 216, 217, 218, 219, 222, 227, 231, 232, 235, 237, 238, 239], "excluded_lines": []}, "EnhancedLookupService.find_similar_workflows_semantic": {"executed_lines": [], "summary": {"covered_lines": 0, "num_statements": 15, "percent_covered": 0.0, "percent_covered_display": "0", "missing_lines": 15, "excluded_lines": 0}, "missing_lines": [246, 247, 249, 251, 252, 254, 255, 258, 267, 268, 269, 274, 275, 276, 278], "excluded_lines": []}, "EnhancedLookupService.find_similar_workflows_hybrid": {"executed_lines": [], "summary": {"covered_lines": 0, "num_statements": 21, "percent_covered": 0.0, "percent_covered_display": "0", "missing_lines": 21, "excluded_lines": 0}, "missing_lines": [287, 289, 291, 292, 293, 296, 298, 300, 301, 302, 305, 306, 307, 308, 309, 310, 311, 312, 315, 316, 317], "excluded_lines": []}, "EnhancedLookupService._mock_similarity_search": {"executed_lines": [], "summary": {"covered_lines": 0, "num_statements": 7, "percent_covered": 0.0, "percent_covered_display": "0", "missing_lines": 7, "excluded_lines": 0}, "missing_lines": [322, 323, 326, 327, 348, 349, 351], "excluded_lines": []}, "EnhancedLookupService.store_workflow_pattern_with_embedding": {"executed_lines": [], "summary": {"covered_lines": 0, "num_statements": 21, "percent_covered": 0.0, "percent_covered_display": "0", "missing_lines": 21, "excluded_lines": 0}, "missing_lines": [360, 361, 362, 365, 383, 384, 385, 387, 388, 389, 391, 393, 398, 401, 402, 404, 405, 407, 409, 410, 411], "excluded_lines": []}, "EnhancedLookupService.create_temp_record": {"executed_lines": [], "summary": {"covered_lines": 0, "num_statements": 10, "percent_covered": 0.0, "percent_covered_display": "0", "missing_lines": 10, "excluded_lines": 0}, "missing_lines": [419, 420, 421, 427, 430, 431, 432, 434, 435, 437], "excluded_lines": []}, "EnhancedLookupService.update_temp_record": {"executed_lines": [], "summary": {"covered_lines": 0, "num_statements": 11, "percent_covered": 0.0, "percent_covered_display": "0", "missing_lines": 11, "excluded_lines": 0}, "missing_lines": [447, 448, 454, 455, 456, 457, 459, 460, 464, 466, 467], "excluded_lines": []}, "EnhancedLookupService._calculate_complexity": {"executed_lines": [], "summary": {"covered_lines": 0, "num_statements": 7, "percent_covered": 0.0, "percent_covered_display": "0", "missing_lines": 7, "excluded_lines": 0}, "missing_lines": [471, 472, 474, 475, 476, 477, 479], "excluded_lines": []}, "EnhancedLookupService.adapt_cached_state": {"executed_lines": [], "summary": {"covered_lines": 0, "num_statements": 18, "percent_covered": 0.0, "percent_covered_display": "0", "missing_lines": 18, "excluded_lines": 0}, "missing_lines": [488, 490, 493, 494, 496, 504, 505, 506, 507, 508, 510, 516, 517, 518, 519, 520, 522, 523], "excluded_lines": []}, "EnhancedLookupService.get_cache_statistics": {"executed_lines": [], "summary": {"covered_lines": 0, "num_statements": 18, "percent_covered": 0.0, "percent_covered_display": "0", "missing_lines": 18, "excluded_lines": 0}, "missing_lines": [527, 528, 530, 534, 536, 537, 538, 539, 542, 546, 547, 550, 551, 553, 574, 586, 587, 588], "excluded_lines": []}, "": {"executed_lines": [2, 3, 4, 5, 6, 7, 8, 10, 12, 13, 15, 33, 58, 97, 143, 157, 189, 241, 280, 319, 353, 413, 439, 469, 481, 525], "summary": {"covered_lines": 25, "num_statements": 25, "percent_covered": 100.0, "percent_covered_display": "100", "missing_lines": 0, "excluded_lines": 0}, "missing_lines": [], "excluded_lines": []}}, "classes": {"EnhancedLookupService": {"executed_lines": [16, 17, 18, 19, 22, 23, 31], "summary": {"covered_lines": 7, "num_statements": 225, "percent_covered": 3.111111111111111, "percent_covered_display": "3", "missing_lines": 218, "excluded_lines": 0}, "missing_lines": [24, 25, 26, 27, 28, 29, 38, 39, 40, 53, 54, 55, 56, 60, 61, 63, 66, 70, 72, 73, 74, 75, 77, 78, 80, 86, 93, 94, 95, 99, 100, 101, 103, 104, 105, 106, 110, 113, 114, 117, 127, 128, 129, 130, 131, 139, 140, 141, 146, 154, 155, 159, 160, 163, 170, 171, 172, 173, 174, 175, 176, 177, 178, 179, 180, 183, 184, 185, 187, 194, 196, 197, 198, 199, 201, 203, 205, 206, 216, 217, 218, 219, 222, 227, 231, 232, 235, 237, 238, 239, 246, 247, 249, 251, 252, 254, 255, 258, 267, 268, 269, 274, 275, 276, 278, 287, 289, 291, 292, 293, 296, 298, 300, 301, 302, 305, 306, 307, 308, 309, 310, 311, 312, 315, 316, 317, 322, 323, 326, 327, 348, 349, 351, 360, 361, 362, 365, 383, 384, 385, 387, 388, 389, 391, 393, 398, 401, 402, 404, 405, 407, 409, 410, 411, 419, 420, 421, 427, 430, 431, 432, 434, 435, 437, 447, 448, 454, 455, 456, 457, 459, 460, 464, 466, 467, 471, 472, 474, 475, 476, 477, 479, 488, 490, 493, 494, 496, 504, 505, 506, 507, 508, 510, 516, 517, 518, 519, 520, 522, 523, 527, 528, 530, 534, 536, 537, 538, 539, 542, 546, 547, 550, 551, 553, 574, 586, 587, 588], "excluded_lines": []}, "": {"executed_lines": [2, 3, 4, 5, 6, 7, 8, 10, 12, 13, 15, 33, 58, 97, 143, 157, 189, 241, 280, 319, 353, 413, 439, 469, 481, 525], "summary": {"covered_lines": 25, "num_statements": 25, "percent_covered": 100.0, "percent_covered_display": "100", "missing_lines": 0, "excluded_lines": 0}, "missing_lines": [], "excluded_lines": []}}}, "src/services/state_generator.py": {"executed_lines": [1, 5, 6, 7, 8, 9, 10, 11, 12, 14, 16, 17, 19, 20, 21, 22, 25, 28, 29, 31, 33, 42, 44, 150, 180, 203, 277, 356, 392, 442, 515, 587, 672, 749, 803, 840, 858], "summary": {"covered_lines": 35, "num_statements": 235, "percent_covered": 14.893617021276595, "percent_covered_display": "15", "missing_lines": 200, "excluded_lines": 0}, "missing_lines": [34, 35, 36, 37, 38, 39, 40, 46, 47, 48, 50, 52, 53, 54, 56, 57, 58, 59, 61, 64, 75, 78, 79, 81, 82, 83, 86, 87, 88, 95, 96, 102, 103, 106, 112, 113, 115, 118, 121, 122, 124, 127, 130, 131, 132, 139, 141, 143, 145, 146, 148, 152, 153, 154, 157, 159, 160, 161, 162, 163, 164, 165, 166, 167, 168, 169, 170, 171, 172, 173, 174, 175, 176, 178, 182, 184, 185, 188, 191, 192, 193, 195, 201, 210, 212, 213, 237, 248, 251, 252, 253, 254, 255, 256, 259, 260, 261, 262, 264, 265, 267, 269, 270, 271, 273, 274, 275, 279, 280, 282, 284, 286, 296, 299, 302, 303, 304, 307, 319, 321, 322, 323, 324, 325, 327, 329, 330, 331, 334, 336, 337, 339, 340, 343, 353, 354, 358, 385, 386, 387, 388, 390, 394, 396, 398, 400, 401, 402, 403, 404, 405, 406, 407, 409, 411, 414, 423, 425, 426, 429, 440, 444, 517, 589, 674, 751, 806, 807, 808, 809, 810, 811, 812, 813, 814, 815, 818, 819, 828, 829, 830, 831, 832, 833, 834, 835, 836, 838, 842, 843, 844, 845, 846, 847, 849, 850, 852, 853, 854, 855], "excluded_lines": [], "functions": {"StateGenerator.__init__": {"executed_lines": [20, 21, 22, 25, 28, 29, 31, 33, 42], "summary": {"covered_lines": 9, "num_statements": 16, "percent_covered": 56.25, "percent_covered_display": "56", "missing_lines": 7, "excluded_lines": 0}, "missing_lines": [34, 35, 36, 37, 38, 39, 40], "excluded_lines": []}, "StateGenerator.generate_workflow_state": {"executed_lines": [], "summary": {"covered_lines": 0, "num_statements": 44, "percent_covered": 0.0, "percent_covered_display": "0", "missing_lines": 44, "excluded_lines": 0}, "missing_lines": [46, 47, 48, 50, 52, 53, 54, 56, 57, 58, 59, 61, 64, 75, 78, 79, 81, 82, 83, 86, 87, 88, 95, 96, 102, 103, 106, 112, 113, 115, 118, 121, 122, 124, 127, 130, 131, 132, 139, 141, 143, 145, 146, 148], "excluded_lines": []}, "StateGenerator._determine_workflow_type": {"executed_lines": [], "summary": {"covered_lines": 0, "num_statements": 23, "percent_covered": 0.0, "percent_covered_display": "0", "missing_lines": 23, "excluded_lines": 0}, "missing_lines": [152, 153, 154, 157, 159, 160, 161, 162, 163, 164, 165, 166, 167, 168, 169, 170, 171, 172, 173, 174, 175, 176, 178], "excluded_lines": []}, "StateGenerator._infer_edges_from_positions": {"executed_lines": [], "summary": {"covered_lines": 0, "num_statements": 9, "percent_covered": 0.0, "percent_covered_display": "0", "missing_lines": 9, "excluded_lines": 0}, "missing_lines": [182, 184, 185, 188, 191, 192, 193, 195, 201], "excluded_lines": []}, "StateGenerator._ai_adapt_state": {"executed_lines": [], "summary": {"covered_lines": 0, "num_statements": 24, "percent_covered": 0.0, "percent_covered_display": "0", "missing_lines": 24, "excluded_lines": 0}, "missing_lines": [210, 212, 213, 237, 248, 251, 252, 253, 254, 255, 256, 259, 260, 261, 262, 264, 265, 267, 269, 270, 271, 273, 274, 275], "excluded_lines": []}, "StateGenerator._generate_ai_state": {"executed_lines": [], "summary": {"covered_lines": 0, "num_statements": 29, "percent_covered": 0.0, "percent_covered_display": "0", "missing_lines": 29, "excluded_lines": 0}, "missing_lines": [279, 280, 282, 284, 286, 296, 299, 302, 303, 304, 307, 319, 321, 322, 323, 324, 325, 327, 329, 330, 331, 334, 336, 337, 339, 340, 343, 353, 354], "excluded_lines": []}, "StateGenerator._create_ai_prompt": {"executed_lines": [], "summary": {"covered_lines": 0, "num_statements": 6, "percent_covered": 0.0, "percent_covered_display": "0", "missing_lines": 6, "excluded_lines": 0}, "missing_lines": [358, 385, 386, 387, 388, 390], "excluded_lines": []}, "StateGenerator._generate_fallback_state": {"executed_lines": [], "summary": {"covered_lines": 0, "num_statements": 19, "percent_covered": 0.0, "percent_covered_display": "0", "missing_lines": 19, "excluded_lines": 0}, "missing_lines": [394, 396, 398, 400, 401, 402, 403, 404, 405, 406, 407, 409, 411, 414, 423, 425, 426, 429, 440], "excluded_lines": []}, "StateGenerator._create_trading_bot_state": {"executed_lines": [], "summary": {"covered_lines": 0, "num_statements": 1, "percent_covered": 0.0, "percent_covered_display": "0", "missing_lines": 1, "excluded_lines": 0}, "missing_lines": [444], "excluded_lines": []}, "StateGenerator._create_lead_gen_state": {"executed_lines": [], "summary": {"covered_lines": 0, "num_statements": 1, "percent_covered": 0.0, "percent_covered_display": "0", "missing_lines": 1, "excluded_lines": 0}, "missing_lines": [517], "excluded_lines": []}, "StateGenerator._create_multi_agent_state": {"executed_lines": [], "summary": {"covered_lines": 0, "num_statements": 1, "percent_covered": 0.0, "percent_covered_display": "0", "missing_lines": 1, "excluded_lines": 0}, "missing_lines": [589], "excluded_lines": []}, "StateGenerator._create_web3_state": {"executed_lines": [], "summary": {"covered_lines": 0, "num_statements": 1, "percent_covered": 0.0, "percent_covered_display": "0", "missing_lines": 1, "excluded_lines": 0}, "missing_lines": [674], "excluded_lines": []}, "StateGenerator._create_basic_state": {"executed_lines": [], "summary": {"covered_lines": 0, "num_statements": 1, "percent_covered": 0.0, "percent_covered_display": "0", "missing_lines": 1, "excluded_lines": 0}, "missing_lines": [751], "excluded_lines": []}, "StateGenerator._enhance_generated_state": {"executed_lines": [], "summary": {"covered_lines": 0, "num_statements": 22, "percent_covered": 0.0, "percent_covered_display": "0", "missing_lines": 22, "excluded_lines": 0}, "missing_lines": [806, 807, 808, 809, 810, 811, 812, 813, 814, 815, 818, 819, 828, 829, 830, 831, 832, 833, 834, 835, 836, 838], "excluded_lines": []}, "StateGenerator.analyze_workflow_pattern": {"executed_lines": [], "summary": {"covered_lines": 0, "num_statements": 12, "percent_covered": 0.0, "percent_covered_display": "0", "missing_lines": 12, "excluded_lines": 0}, "missing_lines": [842, 843, 844, 845, 846, 847, 849, 850, 852, 853, 854, 855], "excluded_lines": []}, "": {"executed_lines": [1, 5, 6, 7, 8, 9, 10, 11, 12, 14, 16, 17, 19, 44, 150, 180, 203, 277, 356, 392, 442, 515, 587, 672, 749, 803, 840, 858], "summary": {"covered_lines": 26, "num_statements": 26, "percent_covered": 100.0, "percent_covered_display": "100", "missing_lines": 0, "excluded_lines": 0}, "missing_lines": [], "excluded_lines": []}}, "classes": {"StateGenerator": {"executed_lines": [20, 21, 22, 25, 28, 29, 31, 33, 42], "summary": {"covered_lines": 9, "num_statements": 209, "percent_covered": 4.30622009569378, "percent_covered_display": "4", "missing_lines": 200, "excluded_lines": 0}, "missing_lines": [34, 35, 36, 37, 38, 39, 40, 46, 47, 48, 50, 52, 53, 54, 56, 57, 58, 59, 61, 64, 75, 78, 79, 81, 82, 83, 86, 87, 88, 95, 96, 102, 103, 106, 112, 113, 115, 118, 121, 122, 124, 127, 130, 131, 132, 139, 141, 143, 145, 146, 148, 152, 153, 154, 157, 159, 160, 161, 162, 163, 164, 165, 166, 167, 168, 169, 170, 171, 172, 173, 174, 175, 176, 178, 182, 184, 185, 188, 191, 192, 193, 195, 201, 210, 212, 213, 237, 248, 251, 252, 253, 254, 255, 256, 259, 260, 261, 262, 264, 265, 267, 269, 270, 271, 273, 274, 275, 279, 280, 282, 284, 286, 296, 299, 302, 303, 304, 307, 319, 321, 322, 323, 324, 325, 327, 329, 330, 331, 334, 336, 337, 339, 340, 343, 353, 354, 358, 385, 386, 387, 388, 390, 394, 396, 398, 400, 401, 402, 403, 404, 405, 406, 407, 409, 411, 414, 423, 425, 426, 429, 440, 444, 517, 589, 674, 751, 806, 807, 808, 809, 810, 811, 812, 813, 814, 815, 818, 819, 828, 829, 830, 831, 832, 833, 834, 835, 836, 838, 842, 843, 844, 845, 846, 847, 849, 850, 852, 853, 854, 855], "excluded_lines": []}, "": {"executed_lines": [1, 5, 6, 7, 8, 9, 10, 11, 12, 14, 16, 17, 19, 44, 150, 180, 203, 277, 356, 392, 442, 515, 587, 672, 749, 803, 840, 858], "summary": {"covered_lines": 26, "num_statements": 26, "percent_covered": 100.0, "percent_covered_display": "100", "missing_lines": 0, "excluded_lines": 0}, "missing_lines": [], "excluded_lines": []}}}, "src/utils/database_hybrid.py": {"executed_lines": [1, 5, 6, 7, 8, 9, 10, 12, 14, 15, 17, 18, 19, 22, 23, 26, 28, 32, 37, 63, 64, 73, 74, 75, 77, 79, 81, 134, 163, 184, 196, 204, 241, 267, 295, 344, 373, 385, 422, 461], "summary": {"covered_lines": 38, "num_statements": 233, "percent_covered": 16.30901287553648, "percent_covered_display": "16", "missing_lines": 195, "excluded_lines": 0}, "missing_lines": [27, 29, 38, 39, 40, 42, 43, 46, 47, 49, 50, 51, 52, 53, 54, 55, 56, 57, 58, 59, 60, 65, 66, 67, 68, 70, 165, 166, 167, 168, 169, 171, 172, 173, 174, 175, 176, 177, 178, 179, 180, 182, 186, 187, 188, 189, 190, 191, 192, 194, 198, 199, 200, 201, 202, 206, 208, 209, 211, 214, 215, 218, 224, 225, 226, 227, 228, 229, 231, 232, 235, 236, 237, 238, 239, 243, 244, 245, 246, 250, 251, 252, 254, 255, 256, 257, 258, 261, 262, 263, 264, 265, 269, 270, 272, 273, 274, 275, 278, 279, 281, 283, 284, 285, 286, 288, 289, 292, 293, 297, 298, 299, 301, 302, 304, 305, 307, 310, 311, 312, 313, 314, 315, 317, 318, 319, 320, 321, 323, 324, 325, 326, 327, 329, 333, 335, 336, 338, 340, 341, 342, 346, 347, 349, 352, 353, 354, 355, 357, 358, 359, 360, 361, 364, 365, 366, 367, 368, 369, 370, 371, 375, 376, 377, 378, 379, 380, 381, 383, 387, 388, 389, 393, 396, 397, 398, 399, 400, 401, 403, 404, 405, 407, 408, 415, 416, 424, 425, 427, 428, 434, 435, 445, 446, 448], "excluded_lines": [], "functions": {"DatabaseService.__init__": {"executed_lines": [18, 19, 22, 23, 26, 28, 32, 37, 63, 64, 73, 74, 75], "summary": {"covered_lines": 13, "num_statements": 39, "percent_covered": 33.333333333333336, "percent_covered_display": "33", "missing_lines": 26, "excluded_lines": 0}, "missing_lines": [27, 29, 38, 39, 40, 42, 43, 46, 47, 49, 50, 51, 52, 53, 54, 55, 56, 57, 58, 59, 60, 65, 66, 67, 68, 70], "excluded_lines": []}, "DatabaseService._initialize_mock_data": {"executed_lines": [79, 81, 134], "summary": {"covered_lines": 3, "num_statements": 3, "percent_covered": 100.0, "percent_covered_display": "100", "missing_lines": 0, "excluded_lines": 0}, "missing_lines": [], "excluded_lines": []}, "DatabaseService.get_workflow": {"executed_lines": [], "summary": {"covered_lines": 0, "num_statements": 16, "percent_covered": 0.0, "percent_covered_display": "0", "missing_lines": 16, "excluded_lines": 0}, "missing_lines": [165, 166, 167, 168, 169, 171, 172, 173, 174, 175, 176, 177, 178, 179, 180, 182], "excluded_lines": []}, "DatabaseService.get_workflow_blocks": {"executed_lines": [], "summary": {"covered_lines": 0, "num_statements": 8, "percent_covered": 0.0, "percent_covered_display": "0", "missing_lines": 8, "excluded_lines": 0}, "missing_lines": [186, 187, 188, 189, 190, 191, 192, 194], "excluded_lines": []}, "DatabaseService.get_workflow_with_blocks": {"executed_lines": [], "summary": {"covered_lines": 0, "num_statements": 5, "percent_covered": 0.0, "percent_covered_display": "0", "missing_lines": 5, "excluded_lines": 0}, "missing_lines": [198, 199, 200, 201, 202], "excluded_lines": []}, "DatabaseService.create_workflow": {"executed_lines": [], "summary": {"covered_lines": 0, "num_statements": 20, "percent_covered": 0.0, "percent_covered_display": "0", "missing_lines": 20, "excluded_lines": 0}, "missing_lines": [206, 208, 209, 211, 214, 215, 218, 224, 225, 226, 227, 228, 229, 231, 232, 235, 236, 237, 238, 239], "excluded_lines": []}, "DatabaseService.update_workflow_state": {"executed_lines": [], "summary": {"covered_lines": 0, "num_statements": 17, "percent_covered": 0.0, "percent_covered_display": "0", "missing_lines": 17, "excluded_lines": 0}, "missing_lines": [243, 244, 245, 246, 250, 251, 252, 254, 255, 256, 257, 258, 261, 262, 263, 264, 265], "excluded_lines": []}, "DatabaseService.create_workflow_blocks": {"executed_lines": [], "summary": {"covered_lines": 0, "num_statements": 17, "percent_covered": 0.0, "percent_covered_display": "0", "missing_lines": 17, "excluded_lines": 0}, "missing_lines": [269, 270, 272, 273, 274, 275, 278, 279, 281, 283, 284, 285, 286, 288, 289, 292, 293], "excluded_lines": []}, "DatabaseService.list_workflows": {"executed_lines": [], "summary": {"covered_lines": 0, "num_statements": 32, "percent_covered": 0.0, "percent_covered_display": "0", "missing_lines": 32, "excluded_lines": 0}, "missing_lines": [297, 298, 299, 301, 302, 304, 305, 307, 310, 311, 312, 313, 314, 315, 317, 318, 319, 320, 321, 323, 324, 325, 326, 327, 329, 333, 335, 336, 338, 340, 341, 342], "excluded_lines": []}, "DatabaseService.delete_workflow": {"executed_lines": [], "summary": {"covered_lines": 0, "num_statements": 20, "percent_covered": 0.0, "percent_covered_display": "0", "missing_lines": 20, "excluded_lines": 0}, "missing_lines": [346, 347, 349, 352, 353, 354, 355, 357, 358, 359, 360, 361, 364, 365, 366, 367, 368, 369, 370, 371], "excluded_lines": []}, "DatabaseService.get_workflow_count": {"executed_lines": [], "summary": {"covered_lines": 0, "num_statements": 8, "percent_covered": 0.0, "percent_covered_display": "0", "missing_lines": 8, "excluded_lines": 0}, "missing_lines": [375, 376, 377, 378, 379, 380, 381, 383], "excluded_lines": []}, "DatabaseService.search_workflows": {"executed_lines": [], "summary": {"covered_lines": 0, "num_statements": 17, "percent_covered": 0.0, "percent_covered_display": "0", "missing_lines": 17, "excluded_lines": 0}, "missing_lines": [387, 388, 389, 393, 396, 397, 398, 399, 400, 401, 403, 404, 405, 407, 408, 415, 416], "excluded_lines": []}, "DatabaseService.health_check": {"executed_lines": [], "summary": {"covered_lines": 0, "num_statements": 9, "percent_covered": 0.0, "percent_covered_display": "0", "missing_lines": 9, "excluded_lines": 0}, "missing_lines": [424, 425, 427, 428, 434, 435, 445, 446, 448], "excluded_lines": []}, "": {"executed_lines": [1, 5, 6, 7, 8, 9, 10, 12, 14, 15, 17, 77, 163, 184, 196, 204, 241, 267, 295, 344, 373, 385, 422, 461], "summary": {"covered_lines": 22, "num_statements": 22, "percent_covered": 100.0, "percent_covered_display": "100", "missing_lines": 0, "excluded_lines": 0}, "missing_lines": [], "excluded_lines": []}}, "classes": {"DatabaseService": {"executed_lines": [18, 19, 22, 23, 26, 28, 32, 37, 63, 64, 73, 74, 75, 79, 81, 134], "summary": {"covered_lines": 16, "num_statements": 211, "percent_covered": 7.5829383886255926, "percent_covered_display": "8", "missing_lines": 195, "excluded_lines": 0}, "missing_lines": [27, 29, 38, 39, 40, 42, 43, 46, 47, 49, 50, 51, 52, 53, 54, 55, 56, 57, 58, 59, 60, 65, 66, 67, 68, 70, 165, 166, 167, 168, 169, 171, 172, 173, 174, 175, 176, 177, 178, 179, 180, 182, 186, 187, 188, 189, 190, 191, 192, 194, 198, 199, 200, 201, 202, 206, 208, 209, 211, 214, 215, 218, 224, 225, 226, 227, 228, 229, 231, 232, 235, 236, 237, 238, 239, 243, 244, 245, 246, 250, 251, 252, 254, 255, 256, 257, 258, 261, 262, 263, 264, 265, 269, 270, 272, 273, 274, 275, 278, 279, 281, 283, 284, 285, 286, 288, 289, 292, 293, 297, 298, 299, 301, 302, 304, 305, 307, 310, 311, 312, 313, 314, 315, 317, 318, 319, 320, 321, 323, 324, 325, 326, 327, 329, 333, 335, 336, 338, 340, 341, 342, 346, 347, 349, 352, 353, 354, 355, 357, 358, 359, 360, 361, 364, 365, 366, 367, 368, 369, 370, 371, 375, 376, 377, 378, 379, 380, 381, 383, 387, 388, 389, 393, 396, 397, 398, 399, 400, 401, 403, 404, 405, 407, 408, 415, 416, 424, 425, 427, 428, 434, 435, 445, 446, 448], "excluded_lines": []}, "": {"executed_lines": [1, 5, 6, 7, 8, 9, 10, 12, 14, 15, 17, 77, 163, 184, 196, 204, 241, 267, 295, 344, 373, 385, 422, 461], "summary": {"covered_lines": 22, "num_statements": 22, "percent_covered": 100.0, "percent_covered_display": "100", "missing_lines": 0, "excluded_lines": 0}, "missing_lines": [], "excluded_lines": []}}}}, "totals": {"covered_lines": 105, "num_statements": 791, "percent_covered": 13.274336283185841, "percent_covered_display": "13", "missing_lines": 686, "excluded_lines": 0}}